  Animation.cpp
C:\Users\nromy\Documents\GitHub\epona\sfml-formation-1\sfml-formation-1\Animation.cpp(28,23): warning C4018: '>=' : incompatibilité signed/unsigned
  Ennemy.cpp
C:\Users\nromy\Documents\GitHub\epona\sfml-formation-1\sfml-formation-1\Ennemy.cpp(38,28): warning C4267: 'initialisation' : conversion de 'size_t' en 'int', perte possible de données
  map.cpp
C:\Users\nromy\Documents\GitHub\epona\sfml-formation-1\sfml-formation-1\map.cpp(245,56): warning C4244: 'argument' : conversion de 'int' en 'float', perte possible de données
C:\Users\nromy\Documents\GitHub\epona\sfml-formation-1\sfml-formation-1\map.cpp(245,47): warning C4244: 'argument' : conversion de 'int' en 'float', perte possible de données
  Pickup.cpp
  Player.cpp
C:\Users\nromy\Documents\GitHub\epona\sfml-formation-1\sfml-formation-1\Player.cpp(19,9): warning C4244: '=' : conversion de 'float' en 'int', perte possible de données
C:\Users\nromy\Documents\GitHub\epona\sfml-formation-1\sfml-formation-1\Player.cpp(134,9): warning C4244: '=' : conversion de 'float' en 'int', perte possible de données
  main.cpp
C:\Users\nromy\Documents\GitHub\epona\sfml-formation-1\sfml-formation-1\main.cpp(32,25): warning C4244: 'initialisation' : conversion de 'float' en 'int', perte possible de données
C:\Users\nromy\Documents\GitHub\epona\sfml-formation-1\sfml-formation-1\main.cpp(33,25): warning C4244: 'initialisation' : conversion de 'float' en 'int', perte possible de données
C:\Users\nromy\Documents\GitHub\epona\sfml-formation-1\sfml-formation-1\main.cpp(72,60): warning C4244: 'argument' : conversion de 'int' en 'float', perte possible de données
C:\Users\nromy\Documents\GitHub\epona\sfml-formation-1\sfml-formation-1\main.cpp(72,50): warning C4244: 'argument' : conversion de 'int' en 'float', perte possible de données
C:\Users\nromy\Documents\GitHub\epona\sfml-formation-1\sfml-formation-1\main.cpp(79,50): warning C4244: 'argument' : conversion de 'int' en 'float', perte possible de données
C:\Users\nromy\Documents\GitHub\epona\sfml-formation-1\sfml-formation-1\main.cpp(83,54): warning C4244: 'argument' : conversion de 'double' en 'float', perte possible de données
  sword.cpp
C:\Users\nromy\Documents\GitHub\epona\sfml-formation-1\sfml-formation-1\sword.cpp(66,27): warning C4305: 'argument' : troncation de 'double' à 'float'
  Génération de code en cours...
C:\Users\nromy\Documents\GitHub\epona\sfml-formation-1\sfml-formation-1\sword.cpp(33): warning C4715: 'Sword::swordMovement' : les chemins de contrôle ne retournent pas tous une valeur
  sfml-formation-1.vcxproj -> C:\Users\nromy\Documents\GitHub\epona\sfml-formation-1\x64\Debug\sfml-formation-1.exe
